# JRE version: OpenJDK Runtime Environment Temurin-21.0.10+7 (21.0.10+7) (build 21.0.10+7-LTS)
# Java VM: OpenJDK 64-Bit Server VM Temurin-21.0.10+7 (21.0.10+7-LTS, mixed mode, sharing, tiered, compressed oops, compressed class ptrs, g1 gc, windows-amd64)
GC Precious Log:
 CardTable entry size: 512
 Card Set container configuration: InlinePtr #cards 5 size 8 Array Of Cards #cards 12 size 40 Howl #buckets 4 coarsen threshold 1843 Howl Bitmap #cards 512 size 80 coarsen threshold 460 Card regions per heap region 1 cards per card region 2048
 CPUs: 12 total, 12 available
 Memory: 32609M
 Large Page Support: Disabled
 NUMA Support: Disabled
 Compressed Oops: Enabled (32-bit)
 Heap Region Size: 1M
 Heap Min Capacity: 8M
 Heap Initial Capacity: 510M
 Heap Max Capacity: 1G
 Pre-touch: Disabled
 Parallel Workers: 10
 Concurrent Workers: 3
 Concurrent Refinement Workers: 10
 Periodic GC: Disabled
 String Deduplication is enabled
Heap:
 garbage-first heap   total 157696K, used 65044K [0x00000000c0000000, 0x0000000100000000)
  region size 1024K, 23 young (23552K), 4 survivors (4096K)
 Metaspace       used 47652K, committed 48960K, reserved 1114112K
  class space    used 4926K, committed 5504K, reserved 1048576K
GC Heap History (20 events):
Event: 11.379 GC heap before
{Heap before GC invocations=17 (full 0):
 garbage-first heap   total 70656K, used 60937K [0x00000000c0000000, 0x0000000100000000)
  region size 1024K, 27 young (27648K), 3 survivors (3072K)
 Metaspace       used 44648K, committed 45952K, reserved 1114112K
  class space    used 4664K, committed 5248K, reserved 1048576K
}
Event: 11.381 GC heap after
{Heap after GC invocations=18 (full 0):
 garbage-first heap   total 70656K, used 37849K [0x00000000c0000000, 0x0000000100000000)
  region size 1024K, 2 young (2048K), 2 survivors (2048K)
 Metaspace       used 44648K, committed 45952K, reserved 1114112K
  class space    used 4664K, committed 5248K, reserved 1048576K
}
Event: 11.617 GC heap before
{Heap before GC invocations=18 (full 0):
 garbage-first heap   total 70656K, used 63449K [0x00000000c0000000, 0x0000000100000000)
  region size 1024K, 27 young (27648K), 2 survivors (2048K)
 Metaspace       used 44789K, committed 46080K, reserved 1114112K
  class space    used 4664K, committed 5248K, reserved 1048576K
}
Event: 11.620 GC heap after
{Heap after GC invocations=19 (full 0):
 garbage-first heap   total 70656K, used 39250K [0x00000000c0000000, 0x0000000100000000)
  region size 1024K, 4 young (4096K), 4 survivors (4096K)
 Metaspace       used 44789K, committed 46080K, reserved 1114112K
  class space    used 4664K, committed 5248K, reserved 1048576K
}
Event: 11.982 GC heap before
{Heap before GC invocations=19 (full 0):
 garbage-first heap   total 70656K, used 62802K [0x00000000c0000000, 0x0000000100000000)
  region size 1024K, 27 young (27648K), 4 survivors (4096K)
 Metaspace       used 45088K, committed 46400K, reserved 1114112K
  class space    used 4697K, committed 5248K, reserved 1048576K
}
Event: 11.984 GC heap after
{Heap after GC invocations=20 (full 0):
 garbage-first heap   total 70656K, used 40599K [0x00000000c0000000, 0x0000000100000000)
  region size 1024K, 2 young (2048K), 2 survivors (2048K)
 Metaspace       used 45088K, committed 46400K, reserved 1114112K
  class space    used 4697K, committed 5248K, reserved 1048576K
}
Event: 12.809 GC heap before
{Heap before GC invocations=21 (full 0):
 garbage-first heap   total 70656K, used 63127K [0x00000000c0000000, 0x0000000100000000)
  region size 1024K, 25 young (25600K), 2 survivors (2048K)
 Metaspace       used 45943K, committed 47232K, reserved 1114112K
  class space    used 4811K, committed 5376K, reserved 1048576K
}
Event: 12.812 GC heap after
{Heap after GC invocations=22 (full 0):
 garbage-first heap   total 70656K, used 41691K [0x00000000c0000000, 0x0000000100000000)
  region size 1024K, 3 young (3072K), 3 survivors (3072K)
 Metaspace       used 45943K, committed 47232K, reserved 1114112K
  class space    used 4811K, committed 5376K, reserved 1048576K
}
Event: 13.047 GC heap before
{Heap before GC invocations=22 (full 0):
 garbage-first heap   total 70656K, used 63195K [0x00000000c0000000, 0x0000000100000000)
  region size 1024K, 25 young (25600K), 3 survivors (3072K)
 Metaspace       used 46300K, committed 47616K, reserved 1114112K
  class space    used 4845K, committed 5440K, reserved 1048576K
}
Event: 13.051 GC heap after
{Heap after GC invocations=23 (full 0):
 garbage-first heap   total 71680K, used 42339K [0x00000000c0000000, 0x0000000100000000)
  region size 1024K, 4 young (4096K), 4 survivors (4096K)
 Metaspace       used 46300K, committed 47616K, reserved 1114112K
  class space    used 4845K, committed 5440K, reserved 1048576K
}
Event: 13.097 GC heap before
{Heap before GC invocations=23 (full 0):
 garbage-first heap   total 71680K, used 63843K [0x00000000c0000000, 0x0000000100000000)
  region size 1024K, 26 young (26624K), 4 survivors (4096K)
 Metaspace       used 46352K, committed 47680K, reserved 1114112K
  class space    used 4845K, committed 5440K, reserved 1048576K
}
Event: 13.101 GC heap after
{Heap after GC invocations=24 (full 0):
 garbage-first heap   total 71680K, used 43044K [0x00000000c0000000, 0x0000000100000000)
  region size 1024K, 2 young (2048K), 2 survivors (2048K)
 Metaspace       used 46352K, committed 47680K, reserved 1114112K
  class space    used 4845K, committed 5440K, reserved 1048576K
}
Event: 13.664 GC heap before
{Heap before GC invocations=25 (full 0):
 garbage-first heap   total 73728K, used 64548K [0x00000000c0000000, 0x0000000100000000)
  region size 1024K, 24 young (24576K), 2 survivors (2048K)
 Metaspace       used 46539K, committed 47872K, reserved 1114112K
  class space    used 4853K, committed 5440K, reserved 1048576K
}
Event: 13.666 GC heap after
{Heap after GC invocations=26 (full 0):
 garbage-first heap   total 73728K, used 43527K [0x00000000c0000000, 0x0000000100000000)
  region size 1024K, 2 young (2048K), 2 survivors (2048K)
 Metaspace       used 46539K, committed 47872K, reserved 1114112K
  class space    used 4853K, committed 5440K, reserved 1048576K
}
Event: 13.749 GC heap before
{Heap before GC invocations=26 (full 0):
 garbage-first heap   total 73728K, used 67079K [0x00000000c0000000, 0x0000000100000000)
  region size 1024K, 26 young (26624K), 2 survivors (2048K)
 Metaspace       used 46649K, committed 48000K, reserved 1114112K
  class space    used 4859K, committed 5440K, reserved 1048576K
}
Event: 13.754 GC heap after
{Heap after GC invocations=27 (full 0):
 garbage-first heap   total 74752K, used 44994K [0x00000000c0000000, 0x0000000100000000)
  region size 1024K, 4 young (4096K), 4 survivors (4096K)
 Metaspace       used 46649K, committed 48000K, reserved 1114112K
  class space    used 4859K, committed 5440K, reserved 1048576K
}
Event: 13.812 GC heap before
{Heap before GC invocations=27 (full 0):
 garbage-first heap   total 74752K, used 68546K [0x00000000c0000000, 0x0000000100000000)
  region size 1024K, 27 young (27648K), 4 survivors (4096K)
 Metaspace       used 46700K, committed 48000K, reserved 1114112K
  class space    used 4859K, committed 5440K, reserved 1048576K
}
Event: 13.816 GC heap after
{Heap after GC invocations=28 (full 0):
 garbage-first heap   total 299008K, used 45858K [0x00000000c0000000, 0x0000000100000000)
  region size 1024K, 2 young (2048K), 2 survivors (2048K)
 Metaspace       used 46700K, committed 48000K, reserved 1114112K
  class space    used 4859K, committed 5440K, reserved 1048576K
}
Event: 14.841 GC heap before
{Heap before GC invocations=29 (full 0):
 garbage-first heap   total 157696K, used 136994K [0x00000000c0000000, 0x0000000100000000)
  region size 1024K, 92 young (94208K), 2 survivors (2048K)
 Metaspace       used 47058K, committed 48384K, reserved 1114112K
  class space    used 4870K, committed 5440K, reserved 1048576K
}
Event: 14.844 GC heap after
{Heap after GC invocations=30 (full 0):
 garbage-first heap   total 157696K, used 47636K [0x00000000c0000000, 0x0000000100000000)
  region size 1024K, 4 young (4096K), 4 survivors (4096K)
 Metaspace       used 47058K, committed 48384K, reserved 1114112K
  class space    used 4870K, committed 5440K, reserved 1048576K
}

