<?xml version="1.0" encoding="UTF-8"?>
<testsuite xmlns:xsi="http://www.w3.org/2001/XMLSchema-instance" xsi:noNamespaceSchemaLocation="https://maven.apache.org/surefire/maven-surefire-plugin/xsd/surefire-test-report-3.0.xsd" version="3.0" name="com.scm.wms.api.InventoryAllocationContractTest" time="0.064" tests="1" errors="0" skipped="0" failures="0">
  <properties>
[...]
</properties>
  <testcase name="reserveAndConfirmMatchInventoryContract" classname="com.scm.wms.api.InventoryAllocationContractTest" time="0.052">
    <system-out><![CDATA[2026-06-01T17:20:53.668+08:00  INFO 13024 --- [scm-wms-service] [           main] t.c.s.AnnotationConfigContextLoaderUtils : Could not detect default configuration classes for test class [com.scm.wms.api.InventoryAllocationContractTest]: InventoryAllocationContractTest does not declare any static, non-private, non-final, nested classes annotated with @Configuration.
2026-06-01T17:20:53.674+08:00  INFO 13024 --- [scm-wms-service] [           main] .b.t.c.SpringBootTestContextBootstrapper : Found @SpringBootConfiguration com.scm.wms.WmsApplication for test class com.scm.wms.api.InventoryAllocationContractTest
]]></system-out>
  </testcase>
</testsuite>